生成启动时间为 2016/7/28 17:41:47。
     1>项目“D:\工作\dev2nd\materials\BX-5XX\Others\Dynamic\Demo\VC\VC_Demo\VC_Demo\VC_Demo.vcxproj”在节点 2 上(build 个目标)。
     1>InitializeBuildStatus:
         正在创建“Debug\VC_Demo.unsuccessfulbuild”，因为已指定“AlwaysCreate”。
       ClCompile:
         C:\Program Files (x86)\Microsoft Visual Studio 10.0\VC\bin\CL.exe /c /ZI /nologo /W3 /WX- /Od /Oy- /D WIN32 /D _WINDOWS /D _DEBUG /D _UNICODE /D UNICODE /D _AFXDLL /Gm /EHsc /RTC1 /MDd /GS /fp:precise /Zc:wchar_t /Zc:forScope /Yc"StdAfx.h" /Fp"Debug\VC_Demo.pch" /Fo"Debug\\" /Fd"Debug\vc100.pdb" /Gd /TP /analyze- /errorReport:prompt stdafx.cpp
         stdafx.cpp
         C:\Program Files (x86)\Microsoft Visual Studio 10.0\VC\bin\CL.exe /c /ZI /nologo /W3 /WX- /Od /Oy- /D WIN32 /D _WINDOWS /D _DEBUG /D _UNICODE /D UNICODE /D _AFXDLL /Gm /EHsc /RTC1 /MDd /GS /fp:precise /Zc:wchar_t /Zc:forScope /Yu"StdAfx.h" /Fp"Debug\VC_Demo.pch" /Fo"Debug\\" /Fd"Debug\vc100.pdb" /Gd /TP /analyze- /errorReport:prompt VC_Demo.cpp VC_DemoDlg.cpp
         VC_DemoDlg.cpp
         VC_Demo.cpp
         正在生成代码...
       ResourceCompile:
         C:\Program Files (x86)\Microsoft SDKs\Windows\v7.0A\bin\rc.exe /D _DEBUG /D _UNICODE /D UNICODE /D _AFXDLL /l"0x0804" /IDebug\ /nologo /fo"Debug\VC_Demo.res" VC_Demo.rc 
       ManifestResourceCompile:
         C:\Program Files (x86)\Microsoft SDKs\Windows\v7.0A\bin\rc.exe /nologo /fo"Debug\VC_Demo.exe.embed.manifest.res" Debug\VC_Demo_manifest.rc 
       Link:
         C:\Program Files (x86)\Microsoft Visual Studio 10.0\VC\bin\link.exe /ERRORREPORT:PROMPT /OUT:"D:\工作\dev2nd\materials\BX-5XX\Others\Dynamic\Demo\VC\VC_Demo\Debug\VC_Demo.exe" /INCREMENTAL /NOLOGO /MANIFEST /ManifestFile:"Debug\VC_Demo.exe.intermediate.manifest" /MANIFESTUAC:"level='asInvoker' uiAccess='false'" /DEBUG /PDB:"D:\工作\dev2nd\materials\BX-5XX\Others\Dynamic\Demo\VC\VC_Demo\Debug\VC_Demo.pdb" /SUBSYSTEM:WINDOWS /TLBID:1 /ENTRY:"wWinMainCRTStartup" /DYNAMICBASE /NXCOMPAT /IMPLIB:"D:\工作\dev2nd\materials\BX-5XX\Others\Dynamic\Demo\VC\VC_Demo\Debug\VC_Demo.lib" /MACHINE:X86 Debug\VC_Demo.res
         Debug\VC_Demo.exe.embed.manifest.res
         Debug\stdafx.obj
         Debug\VC_Demo.obj
         Debug\VC_DemoDlg.obj
         LINK : 没有找到 D:\工作\dev2nd\materials\BX-5XX\Others\Dynamic\Demo\VC\VC_Demo\Debug\VC_Demo.exe 或上一个增量链接没有生成它；正在执行完全链接
       Manifest:
         C:\Program Files (x86)\Microsoft SDKs\Windows\v7.0A\bin\mt.exe /nologo /verbose /out:"Debug\VC_Demo.exe.embed.manifest" /manifest Debug\VC_Demo.exe.intermediate.manifest "C:\Program Files (x86)\Microsoft Visual Studio 10.0\VC\Include\Manifest\dpiaware.manifest"
         所有输出均为最新。
       LinkEmbedManifest:
         所有输出均为最新。
         VC_Demo.vcxproj -> D:\工作\dev2nd\materials\BX-5XX\Others\Dynamic\Demo\VC\VC_Demo\Debug\VC_Demo.exe
       FinalizeBuildStatus:
         正在删除文件“Debug\VC_Demo.unsuccessfulbuild”。
         正在对“Debug\VC_Demo.lastbuildstate”执行 Touch 任务。
     1>已完成生成项目“D:\工作\dev2nd\materials\BX-5XX\Others\Dynamic\Demo\VC\VC_Demo\VC_Demo\VC_Demo.vcxproj”(build 个目标)的操作。

生成成功。

已用时间 00:00:04.30
