D:\PROJECT\CODE\LEDDYNAMICAREA\VC_DEMO\DEBUG\VC_DEMO.EXE
D:\PROJECT\CODE\LEDDYNAMICAREA\VC_DEMO\DEBUG\VC_DEMO.ILK
D:\PROJECT\CODE\LEDDYNAMICAREA\VC_DEMO\DEBUG\VC_DEMO.PDB
D:\Project\code\LedDynamicArea\VC_Demo\VC_Demo\Debug\cl.command.1.tlog
D:\Project\code\LedDynamicArea\VC_Demo\VC_Demo\Debug\CL.read.1.tlog
D:\Project\code\LedDynamicArea\VC_Demo\VC_Demo\Debug\CL.write.1.tlog
D:\Project\code\LedDynamicArea\VC_Demo\VC_Demo\Debug\link.command.1.tlog
D:\Project\code\LedDynamicArea\VC_Demo\VC_Demo\Debug\link.read.1.tlog
D:\Project\code\LedDynamicArea\VC_Demo\VC_Demo\Debug\link.write.1.tlog
D:\Project\code\LedDynamicArea\VC_Demo\VC_Demo\Debug\link-cvtres.read.1.tlog
D:\Project\code\LedDynamicArea\VC_Demo\VC_Demo\Debug\link-cvtres.write.1.tlog
D:\Project\code\LedDynamicArea\VC_Demo\VC_Demo\Debug\mt.command.1.tlog
D:\Project\code\LedDynamicArea\VC_Demo\VC_Demo\Debug\mt.read.1.tlog
D:\Project\code\LedDynamicArea\VC_Demo\VC_Demo\Debug\mt.write.1.tlog
D:\Project\code\LedDynamicArea\VC_Demo\VC_Demo\Debug\rc.command.1.tlog
D:\Project\code\LedDynamicArea\VC_Demo\VC_Demo\Debug\rc.read.1.tlog
D:\Project\code\LedDynamicArea\VC_Demo\VC_Demo\Debug\rc.write.1.tlog
D:\PROJECT\CODE\LEDDYNAMICAREA\VC_DEMO\VC_DEMO\DEBUG\STDAFX.OBJ
D:\PROJECT\CODE\LEDDYNAMICAREA\VC_DEMO\VC_DEMO\DEBUG\VC_DEMO.EXE.EMBED.MANIFEST
D:\PROJECT\CODE\LEDDYNAMICAREA\VC_DEMO\VC_DEMO\DEBUG\VC_DEMO.EXE.EMBED.MANIFEST.RES
D:\PROJECT\CODE\LEDDYNAMICAREA\VC_DEMO\VC_DEMO\DEBUG\VC_DEMO.EXE.INTERMEDIATE.MANIFEST
D:\PROJECT\CODE\LEDDYNAMICAREA\VC_DEMO\VC_DEMO\DEBUG\VC_DEMO.OBJ
D:\PROJECT\CODE\LEDDYNAMICAREA\VC_DEMO\VC_DEMO\DEBUG\VC_DEMO.PCH
D:\PROJECT\CODE\LEDDYNAMICAREA\VC_DEMO\VC_DEMO\DEBUG\VC_DEMO.RES
D:\Project\code\LedDynamicArea\VC_Demo\VC_Demo\Debug\VC_Demo.write.1.tlog
D:\Project\code\LedDynamicArea\VC_Demo\VC_Demo\Debug\VC_Demo_manifest.rc
D:\PROJECT\CODE\LEDDYNAMICAREA\VC_DEMO\VC_DEMO\DEBUG\VC_DEMODLG.OBJ
D:\Project\code\LedDynamicArea\VC_Demo\VC_Demo\Debug\vc100.idb
D:\PROJECT\CODE\LEDDYNAMICAREA\VC_DEMO\VC_DEMO\DEBUG\VC100.PDB
