生成启动时间为 2016/7/21 14:00:48。
     1>项目“C:\Users\Kai\Desktop\b0110\trunk\code\BX-IV Dynamic Library\VCDemo\VCDemo\VCDemo.vcxproj”在节点 2 上(build 个目标)。
     1>InitializeBuildStatus:
         正在创建“Debug\VCDemo.unsuccessfulbuild”，因为已指定“AlwaysCreate”。
       ClCompile:
         所有输出均为最新。
         C:\Program Files (x86)\Microsoft Visual Studio 10.0\VC\bin\CL.exe /c /ZI /nologo /W3 /WX- /Od /Oy- /D WIN32 /D _WINDOWS /D _DEBUG /D _UNICODE /D UNICODE /D _AFXDLL /Gm /EHsc /RTC1 /MDd /GS /fp:precise /Zc:wchar_t /Zc:forScope /Yu"StdAfx.h" /Fp"Debug\VCDemo.pch" /Fo"Debug\\" /Fd"Debug\vc100.pdb" /Gd /TP /analyze- /errorReport:prompt VCDemo.cpp VCDemoDlg.cpp
         VCDemoDlg.cpp
         VCDemo.cpp
         正在生成代码...
       ResourceCompile:
         所有输出均为最新。
       ManifestResourceCompile:
         所有输出均为最新。
       Link:
         C:\Program Files (x86)\Microsoft Visual Studio 10.0\VC\bin\link.exe /ERRORREPORT:PROMPT /OUT:"C:\Users\Kai\Desktop\b0110\trunk\code\BX-IV Dynamic Library\VCDemo\Debug\VCDemo.exe" /INCREMENTAL /NOLOGO /MANIFEST /ManifestFile:"Debug\VCDemo.exe.intermediate.manifest" /MANIFESTUAC:"level='asInvoker' uiAccess='false'" /DEBUG /PDB:"C:\Users\Kai\Desktop\b0110\trunk\code\BX-IV Dynamic Library\VCDemo\Debug\VCDemo.pdb" /SUBSYSTEM:WINDOWS /TLBID:1 /ENTRY:"wWinMainCRTStartup" /DYNAMICBASE /NXCOMPAT /IMPLIB:"C:\Users\Kai\Desktop\b0110\trunk\code\BX-IV Dynamic Library\VCDemo\Debug\VCDemo.lib" /MACHINE:X86 Debug\VCDemo.res
         Debug\VCDemo.exe.embed.manifest.res
         Debug\HumidityDlg.obj
         Debug\ImageTextDlg.obj
         Debug\NoiseDlg.obj
         Debug\stdafx.obj
         Debug\TemperatureDlg.obj
         Debug\TimeDlg.obj
         Debug\VCDemo.obj
         Debug\VCDemoDlg.obj
       Manifest:
         C:\Program Files (x86)\Microsoft SDKs\Windows\v7.0A\bin\mt.exe /nologo /verbose /out:"Debug\VCDemo.exe.embed.manifest" /manifest Debug\VCDemo.exe.intermediate.manifest "C:\Program Files (x86)\Microsoft Visual Studio 10.0\VC\Include\Manifest\dpiaware.manifest"
         所有输出均为最新。
       LinkEmbedManifest:
         所有输出均为最新。
         VCDemo.vcxproj -> C:\Users\Kai\Desktop\b0110\trunk\code\BX-IV Dynamic Library\VCDemo\Debug\VCDemo.exe
       FinalizeBuildStatus:
         正在删除文件“Debug\VCDemo.unsuccessfulbuild”。
         正在对“Debug\VCDemo.lastbuildstate”执行 Touch 任务。
     1>已完成生成项目“C:\Users\Kai\Desktop\b0110\trunk\code\BX-IV Dynamic Library\VCDemo\VCDemo\VCDemo.vcxproj”(build 个目标)的操作。

生成成功。

已用时间 00:00:06.68
